0 3
3 1 3 0 0 0 0
4 -2 -1 0 0 0 0
5 1 -1 0 0 0 0
1 3
3 9.495501348393746171476182975050125442028293291664839769592149523e-1 2.773231694945446441115840999727351640401319131225676323863984884 0 -1.062607954312991072888255171727848768299056825654647385125417711e-1 -4.673960060380512246769812139714817049900104955532393732141603756e-1 0
4 -1.66622906591069619513750239558409596265943032019785543156688626 -9.494424091474793210937486489296407281602598360943368973577853689e-1 0 7.138659932135839325120984219269860664644598214444787461427883776e-1 1.069976579276506041288152731880480552328035373140418574214471207e-1 0
5 7.632531718249321858214309379642692436058466586583939590779800365e-1 -9.04385089649284407794505680692698401712583609859936276432162635e-1 0 -5.073363173120876816363834272379179270736244476163041538067056394e-1 1.948394772807102515031365098324505788077634674807101379913385288e-1 0
2 3
3 7.528060535799844170937153345196950258496652333401340482050437954e-1 1.989475307703949763989909718249360648916329102086709261726337556 0 -3.300994320485586680589910762957839505069812895593479158462375436e-1 -1.180984302123860114345691253360234736420568374013637959527125562 0
4 -6.727343407011315782286526943935107024671730015126205229347204655e-1 -5.564423959376789032667908760798916458106306035317069508272438887e-1 0 -2.180049044215146234625225260625577567668018257183445657671975744 6.67056327322501368817019276656162974215599394252813858508617012e-1 0
5 8.650384041291461232669295480299154646393926120601598942475009511e-2 -7.485312678722267357805131300857030727012929784266599963740074229e-1 0 1.942098894601252188535574854277932424438603379482365275645323121 1.749455194163149735537993306912104624798615090059316889093817277e-1 0
3 3
3 3.711992330501942267006188877135546284947324612747967135971695556e-1 -8.547823170378773375599636719580061342291704228344051279112268526e-2 0 9.38401858161759507704616425378761126119905228073005491343304489e-1 -3.510274099879809134953937170580008553769802178283401645988809752 0
4 -1.45387091895899715885295768988651386698537240511004530806735543 3.772349595880791239780890479190152189718938161535410392313572531e-2 0 1.10503430607075123266956595889935545024427003708305575847202232e-1 6.564305386698832427029550682301150928127745210806443990786130221e-1 0
5 9.403771953370811910619948192810783164914584473231582182955826102e-1 2.110814225522631033535069648395915053599872007778102453616503091e-2 0 -6.51443859382715803236335131939205111691484739810447755483744479e-1 1.581020028991978886809998247763913058011661690105525468330395434 0
4 3
3 1.868492896837549935559097416685330657181991606116273605245514742 -1.184156983645895250493854271046650531396527904137780548007485893 0 9.36674758075799632750391117281117993911598740819522912142231903e-1 -2.825858066489656427943767484714928573089946926168620382892174428e-1 0
4 -1.054001218696682990944750533321214133196300571135618031279779498 1.51858816860389066752801957609893468989104154523130217170844966e-2 0 -2.083852982644811878272580520481930579695924469752530940683098077 -7.164465399037984416448433005262155475811321102373154153867523479e-1 0
5 -2.778947631451835685796580233542270877521545067612697381234852468e-1 6.983454848387060249560884060191988413187884101208179114308239388e-1 0 1.10507753127036972296782974601687366740978033131031100526113932 7.42708715912418138992500689503868152450302503759969555282932344e-1 0
5 3
3 2.469169667018515152363414742697341860785099661115120750231602469 -1.227815563546742188455118890603179346714798064637647346106043002 0 3.065337250528069326342153407962484170386471529282637041012397056e-1 1.757669347356145695918752613077075791734281470469347657038790659e-1 0
4 -2.278202696916267884856445474756211992842974199299701986200079231 -2.05449539047599437866443449321877104333032717358518750284175231e-1 0 -7.290185857635180631924603665172774405767139711145124667901376873e-1 -1.400888640347889761248901839537597271292353634842664704565383645e-2 0
5 3.410603573219052164671075341865644778033195627706891388211019034e-1 9.010489693661248633662260938194092914953050126694034078909659861e-1 0 3.992946335791302909734390887360729022381828851346517509713663265e-1 -9.425305171858562366513394206832376933371805914941954178580437036e-2 0
6 3
3 2.474465758978307876383690586842097688683909697665723814836329502 -8.245107271711835270107084129197033914204136838758335647383675375e-1 0 -3.463810946650148806454539381834842443408605771940714661621251063e-1 6.595718971236303398948251497157559525289235738922107058436679055e-1 0
4 -2.704741429427616990100520381057355222026123689669373151421766392 -1.421282505306982256093860594024632997752928645149154079952644038e-1 0 -1.522836902712558141343302417385044771945848158721825044848057523e-1 1.186741126568900501477281094798185589890372115203845475031330631e-1 0
5 6.791136881551088662502019527406255644105531331360642322356154126e-1 6.084090367272686966939338952737926746724825019374324652392320455e-1 0 3.296556090160135796947365563008941283601841990141888832851196656e-1 -4.906824283996902440550775774133084187085839135516340615087071938e-1 0
7 3
3 1.267859838798302599847396082527176763737527290698792093159153079 -3.713036042670810071274455018867248396953426527742986068237265423e-1 0 9.072016720465622708974081629072189821475802116446288546578215073e-1 -2.754315889900298881414903228357759153604140454287023805363012496 0
4 -2.602787046812636163138891899671728119263730526969805049798881949 -2.17717598548096823576349543759108861355289233810501409018274003e-4 0 3.565066579738751006038053767753591020910752328226785748361804805e-1 1.515513491104203746364613464956754497132417055176307763761363447e-1 0
5 1.321513734171127370602675870221076437168468047156568783943613712 2.229563366390870817353283807670421909062898230516275652214505446e-1 0 -8.295263296070374430214891991646186709614083132449201726636372888e-1 1.531348454651843029139772859818115132391890908158109662116898422 0
8 3
3 1.782279388607614280135538387355217851892720529198782743206983407 -1.37593856689363402964483781200843482237006341990911676011868368 0 1.374786156926598812397437366914297768270644074734835031848710513e-1 -3.23248767158308777055603733693017894749601981012634802671487387e-1 0
4 -1.951768526831561555566863436674390287806990024525289659542380191 1.589591039152293155122429263260285628318741498502784963284684326e-1 0 1.010975320116745880489224495942007419141426813585117776439108288 1.826816294329963183599705995279866717095678768560279201066965309e-1 0
5 4.920471883006806763721677169263815191099597021009620817097141089e-1 6.983958570039969653771083461442380431565387320652472590084354619e-1 0 -8.912674255089926331352258387684638014093800953521843230622092608e-1 4.780395674858821154538576059342139948210688712275854551753520749e-2 0
9 3
3 1.570677850230832956349472106735202864567750560294072487431325131 -1.344913297557567398714187828445653504827763468532160131384602982 0 -5.99118263884482236812608260588977291317179526488780308919798791e-1 3.857827977142523648294387328076752635333463267187875703760159593e-1 0
4 -1.216896924687521507307305263690340844076133227130531629592250258 4.430921419082660650684983597884854334918629225547574969252351468e-1 0 -1.629509659927003011967426345058235400332564552678203712710811582 -3.024582111513435204275049606292081763597574285118313154801858601e-1 0
5 3.111082961151743203616094691115095652025624552798181121500512787e-2 4.524742650079275871737140092366037561031677430754900812905736719e-1 0 1.66307868627229175166150603239997469505635935803583115552052854 1.049689029252339744434072881876138296779814677819251015853911251e-2 0
10 3
3 7.784804100685330285093737717122053016946432154444101185376810409e-1 1.413923012922964905211560420585657116427775583129097543057523566e-1 0 1.733944361810897840593518341398158517243481177078625874861851071 3.224738369695254483914560974594973336273544767440407621397936598 0
4 -2.025092477707999214604021304921217188942056581178405389785114853 9.721938249253172269618221677216721227313842083944753656461410599e-2 0 -2.825554559179172691590150959068706567144534137519354199680649893e-1 -3.862989481632895712894231055456322299838059132611677915601316301e-1 0
5 1.152985736125279554577592780909650570136859335676078240705483258 -1.626108867694032724696393986528731968041772716593038818351426987e-1 0 -8.14322252352204889028898928113398584974525975245627188942658651e-1 -1.625803863286521033317198100320478217777082129855310339590656654 0
